2024-04-30 13:55:50,189 - INFO - Accessed index page
2024-04-30 13:55:53,033 - INFO - Accessed index page
2024-04-30 13:56:31,450 - INFO - Accessed index page
2024-04-30 13:57:15,894 - INFO - Accessed Secret menu page
2024-04-30 13:59:27,752 - INFO - Registered new user: oisdvbn
2024-04-30 13:59:27,753 - WARNING - (trapped) error reading bcrypt version
Traceback (most recent call last):
  File "c:\Users\lilpr\Topics\Dealscover\dealscoverCS3980project\.venv\lib\site-packages\passlib\handlers\bcrypt.py", line 620, in _load_backend_mixin
    version = _bcrypt.__about__.__version__
AttributeError: module 'bcrypt' has no attribute '__about__'
2024-04-30 14:02:24,800 - INFO - eoifhn Attempted login
2024-04-30 14:02:32,043 - INFO - eoifhn Attempted login
2024-04-30 14:02:43,925 - INFO - Registered new user: rl'gnav
2024-04-30 14:02:43,927 - WARNING - (trapped) error reading bcrypt version
Traceback (most recent call last):
  File "c:\Users\lilpr\Topics\Dealscover\dealscoverCS3980project\.venv\lib\site-packages\passlib\handlers\bcrypt.py", line 620, in _load_backend_mixin
    version = _bcrypt.__about__.__version__
AttributeError: module 'bcrypt' has no attribute '__about__'
2024-04-30 14:02:48,461 - INFO - Accessed Secret menu page
2024-04-30 14:12:47,920 - INFO - Accessed index page
2024-04-30 14:12:50,640 - INFO - Accessed Secret menu page
2024-04-30 14:25:21,733 - INFO - Accessed index page
2024-04-30 14:25:23,495 - INFO - Accessed Secret menu page
2024-04-30 14:29:17,202 - INFO - Accessed Secret menu page
2024-04-30 16:14:22,257 - INFO - Accessed index page
2024-04-30 16:14:24,127 - INFO - Accessed Secret menu page
2024-04-30 16:16:17,517 - INFO - Accessed Secret menu page
2024-04-30 16:17:41,889 - INFO - Accessed Secret menu page
2024-04-30 16:30:04,126 - INFO - Accessed Secret menu page
2024-04-30 16:30:07,315 - INFO - Accessed Secret menu page
2024-05-01 21:51:57,400 - INFO - Accessed index page
2024-05-01 21:52:06,378 - INFO - Accessed Secret menu page
